"Document 26, Print Document owned by monique.barros on PC0901 was printed on IMP-DELIVERY through port 192.168.0.231.  Size in bytes: 0. Pages printed: 0. No user action is required.","307","0",,"4","26","11","4611686018427390016","125","Microsoft-Windows-PrintService","747ef6fd-e535-4d16-b510-42c90f6873a1","Microsoft-Windows-PrintService/Operational","2204","5204","PC0103.cabana.intra","S-1-5-21-1522681548-320186610-577835610-1126","01/08/2024 22:02:45",,,"Microsoft-Windows-PrintService/Operational","System.UInt32[]","System.Diagnostics.Eventing.Reader.EventBookmark","Information","Spooler Operation Succeeded","Printing a document","System.Collections.ObjectModel.ReadOnlyCollection`1[System.String]","System.Collections.Generic.List`1[System.Diagnostics.Eventing.Reader.EventProperty]"
"Document 25, Print Document owned by dilciane.souza on PC0403 was printed on IMP-ADMINISTRACAO (L375) through port EP0BA1D5:L375 SERIES.  Size in bytes: 213283. Pages printed: 1. No user action is required.","307","0",,"4","26","11","4611686018427390016","120","Microsoft-Windows-PrintService","747ef6fd-e535-4d16-b510-42c90f6873a1","Microsoft-Windows-PrintService/Operational","2204","4852","PC0103.cabana.intra","S-1-5-21-1522681548-320186610-577835610-1131","01/08/2024 20:27:19",,,"Microsoft-Windows-PrintService/Operational","System.UInt32[]","System.Diagnostics.Eventing.Reader.EventBookmark","Information","Spooler Operation Succeeded","Printing a document","System.Collections.ObjectModel.ReadOnlyCollection`1[System.String]","System.Collections.Generic.List`1[System.Diagnostics.Eventing.Reader.EventProperty]"
"Document 24, Print Document owned by dilciane.souza on PC0403 was printed on IMP-ADMINISTRACAO (L375) through port EP0BA1D5:L375 SERIES.  Size in bytes: 245658. Pages printed: 1. No user action is required.","307","0",,"4","26","11","4611686018427390016","115","Microsoft-Windows-PrintService","747ef6fd-e535-4d16-b510-42c90f6873a1","Microsoft-Windows-PrintService/Operational","2204","3452","PC0103.cabana.intra","S-1-5-21-1522681548-320186610-577835610-1131","01/08/2024 20:23:36",,,"Microsoft-Windows-PrintService/Operational","System.UInt32[]","System.Diagnostics.Eventing.Reader.EventBookmark","Information","Spooler Operation Succeeded","Printing a document","System.Collections.ObjectModel.ReadOnlyCollection`1[System.String]","System.Collections.Generic.List`1[System.Diagnostics.Eventing.Reader.EventProperty]"
"Document 23, Print Document owned by dilciane.souza on PC0403 was printed on IMP-ADMINISTRACAO (L375) through port EP0BA1D5:L375 SERIES.  Size in bytes: 243888. Pages printed: 1. No user action is required.","307","0",,"4","26","11","4611686018427390016","110","Microsoft-Windows-PrintService","747ef6fd-e535-4d16-b510-42c90f6873a1","Microsoft-Windows-PrintService/Operational","2204","6088","PC0103.cabana.intra","S-1-5-21-1522681548-320186610-577835610-1131","01/08/2024 20:19:36",,,"Microsoft-Windows-PrintService/Operational","System.UInt32[]","System.Diagnostics.Eventing.Reader.EventBookmark","Information","Spooler Operation Succeeded","Printing a document","System.Collections.ObjectModel.ReadOnlyCollection`1[System.String]","System.Collections.Generic.List`1[System.Diagnostics.Eventing.Reader.EventProperty]"
"Document 22, Print Document owned by dilciane.souza on PC0403 was printed on IMP-ADMINISTRACAO (L375) through port EP0BA1D5:L375 SERIES.  Size in bytes: 283413. Pages printed: 1. No user action is required.","307","0",,"4","26","11","4611686018427390016","105","Microsoft-Windows-PrintService","747ef6fd-e535-4d16-b510-42c90f6873a1","Microsoft-Windows-PrintService/Operational","2204","2108","PC0103.cabana.intra","S-1-5-21-1522681548-320186610-577835610-1131","01/08/2024 20:17:19",,,"Microsoft-Windows-PrintService/Operational","System.UInt32[]","System.Diagnostics.Eventing.Reader.EventBookmark","Information","Spooler Operation Succeeded","Printing a document","System.Collections.ObjectModel.ReadOnlyCollection`1[System.String]","System.Collections.Generic.List`1[System.Diagnostics.Eventing.Reader.EventProperty]"
"Document 21, Print Document owned by dilciane.souza on PC0403 was printed on IMP-ADMINISTRACAO (L375) through port EP0BA1D5:L375 SERIES.  Size in bytes: 211611. Pages printed: 1. No user action is required.","307","0",,"4","26","11","4611686018427390016","100","Microsoft-Windows-PrintService","747ef6fd-e535-4d16-b510-42c90f6873a1","Microsoft-Windows-PrintService/Operational","2204","4408","PC0103.cabana.intra","S-1-5-21-1522681548-320186610-577835610-1131","01/08/2024 20:15:38",,,"Microsoft-Windows-PrintService/Operational","System.UInt32[]","System.Diagnostics.Eventing.Reader.EventBookmark","Information","Spooler Operation Succeeded","Printing a document","System.Collections.ObjectModel.ReadOnlyCollection`1[System.String]","System.Collections.Generic.List`1[System.Diagnostics.Eventing.Reader.EventProperty]"
"Document 20, Print Document owned by dilciane.souza on PC0403 was printed on IMP-ADMINISTRACAO (L375) through port EP0BA1D5:L375 SERIES.  Size in bytes: 220542. Pages printed: 1. No user action is required.","307","0",,"4","26","11","4611686018427390016","95","Microsoft-Windows-PrintService","747ef6fd-e535-4d16-b510-42c90f6873a1","Microsoft-Windows-PrintService/Operational","2204","6028","PC0103.cabana.intra","S-1-5-21-1522681548-320186610-577835610-1131","01/08/2024 20:15:03",,,"Microsoft-Windows-PrintService/Operational","System.UInt32[]","System.Diagnostics.Eventing.Reader.EventBookmark","Information","Spooler Operation Succeeded","Printing a document","System.Collections.ObjectModel.ReadOnlyCollection`1[System.String]","System.Collections.Generic.List`1[System.Diagnostics.Eventing.Reader.EventProperty]"
"Document 19, Print Document owned by dilciane.souza on PC0403 was printed on IMP-ADMINISTRACAO (L375) through port EP0BA1D5:L375 SERIES.  Size in bytes: 253583. Pages printed: 1. No user action is required.","307","0",,"4","26","11","4611686018427390016","90","Microsoft-Windows-PrintService","747ef6fd-e535-4d16-b510-42c90f6873a1","Microsoft-Windows-PrintService/Operational","2204","1868","PC0103.cabana.intra","S-1-5-21-1522681548-320186610-577835610-1131","01/08/2024 20:12:17",,,"Microsoft-Windows-PrintService/Operational","System.UInt32[]","System.Diagnostics.Eventing.Reader.EventBookmark","Information","Spooler Operation Succeeded","Printing a document","System.Collections.ObjectModel.ReadOnlyCollection`1[System.String]","System.Collections.Generic.List`1[System.Diagnostics.Eventing.Reader.EventProperty]"
"Document 18, Print Document owned by dilciane.souza on PC0403 was printed on IMP-ADMINISTRACAO (L375) through port EP0BA1D5:L375 SERIES.  Size in bytes: 227334. Pages printed: 1. No user action is required.","307","0",,"4","26","11","4611686018427390016","85","Microsoft-Windows-PrintService","747ef6fd-e535-4d16-b510-42c90f6873a1","Microsoft-Windows-PrintService/Operational","2204","4308","PC0103.cabana.intra","S-1-5-21-1522681548-320186610-577835610-1131","01/08/2024 20:11:51",,,"Microsoft-Windows-PrintService/Operational","System.UInt32[]","System.Diagnostics.Eventing.Reader.EventBookmark","Information","Spooler Operation Succeeded","Printing a document","System.Collections.ObjectModel.ReadOnlyCollection`1[System.String]","System.Collections.Generic.List`1[System.Diagnostics.Eventing.Reader.EventProperty]"
"Document 17, Print Document owned by dilciane.souza on PC0403 was printed on IMP-ADMINISTRACAO (L375) through port EP0BA1D5:L375 SERIES.  Size in bytes: 224491. Pages printed: 1. No user action is required.","307","0",,"4","26","11","4611686018427390016","80","Microsoft-Windows-PrintService","747ef6fd-e535-4d16-b510-42c90f6873a1","Microsoft-Windows-PrintService/Operational","2204","2116","PC0103.cabana.intra","S-1-5-21-1522681548-320186610-577835610-1131","01/08/2024 20:11:24",,,"Microsoft-Windows-PrintService/Operational","System.UInt32[]","System.Diagnostics.Eventing.Reader.EventBookmark","Information","Spooler Operation Succeeded","Printing a document","System.Collections.ObjectModel.ReadOnlyCollection`1[System.String]","System.Collections.Generic.List`1[System.Diagnostics.Eventing.Reader.EventProperty]"
"Document 16, Print Document owned by dilciane.souza on PC0403 was printed on IMP-ADMINISTRACAO (L375) through port EP0BA1D5:L375 SERIES.  Size in bytes: 254187. Pages printed: 1. No user action is required.","307","0",,"4","26","11","4611686018427390016","75","Microsoft-Windows-PrintService","747ef6fd-e535-4d16-b510-42c90f6873a1","Microsoft-Windows-PrintService/Operational","2204","5988","PC0103.cabana.intra","S-1-5-21-1522681548-320186610-577835610-1131","01/08/2024 20:10:58",,,"Microsoft-Windows-PrintService/Operational","System.UInt32[]","System.Diagnostics.Eventing.Reader.EventBookmark","Information","Spooler Operation Succeeded","Printing a document","System.Collections.ObjectModel.ReadOnlyCollection`1[System.String]","System.Collections.Generic.List`1[System.Diagnostics.Eventing.Reader.EventProperty]"
"Document 15, Print Document owned by dilciane.souza on PC0403 was printed on IMP-ADMINISTRACAO (L375) through port EP0BA1D5:L375 SERIES.  Size in bytes: 229175. Pages printed: 1. No user action is required.","307","0",,"4","26","11","4611686018427390016","70","Microsoft-Windows-PrintService","747ef6fd-e535-4d16-b510-42c90f6873a1","Microsoft-Windows-PrintService/Operational","2204","3744","PC0103.cabana.intra","S-1-5-21-1522681548-320186610-577835610-1131","01/08/2024 20:10:32",,,"Microsoft-Windows-PrintService/Operational","System.UInt32[]","System.Diagnostics.Eventing.Reader.EventBookmark","Information","Spooler Operation Succeeded","Printing a document","System.Collections.ObjectModel.ReadOnlyCollection`1[System.String]","System.Collections.Generic.List`1[System.Diagnostics.Eventing.Reader.EventProperty]"
"Document 14, Print Document owned by dilciane.souza on PC0403 was printed on IMP-ADMINISTRACAO (L375) through port EP0BA1D5:L375 SERIES.  Size in bytes: 193935. Pages printed: 1. No user action is required.","307","0",,"4","26","11","4611686018427390016","65","Microsoft-Windows-PrintService","747ef6fd-e535-4d16-b510-42c90f6873a1","Microsoft-Windows-PrintService/Operational","2204","1336","PC0103.cabana.intra","S-1-5-21-1522681548-320186610-577835610-1131","01/08/2024 20:10:05",,,"Microsoft-Windows-PrintService/Operational","System.UInt32[]","System.Diagnostics.Eventing.Reader.EventBookmark","Information","Spooler Operation Succeeded","Printing a document","System.Collections.ObjectModel.ReadOnlyCollection`1[System.String]","System.Collections.Generic.List`1[System.Diagnostics.Eventing.Reader.EventProperty]"
"Document 13, Print Document owned by dilciane.souza on PC0403 was printed on IMP-ADMINISTRACAO (L375) through port EP0BA1D5:L375 SERIES.  Size in bytes: 243735. Pages printed: 1. No user action is required.","307","0",,"4","26","11","4611686018427390016","60","Microsoft-Windows-PrintService","747ef6fd-e535-4d16-b510-42c90f6873a1","Microsoft-Windows-PrintService/Operational","2204","3416","PC0103.cabana.intra","S-1-5-21-1522681548-320186610-577835610-1131","01/08/2024 20:09:39",,,"Microsoft-Windows-PrintService/Operational","System.UInt32[]","System.Diagnostics.Eventing.Reader.EventBookmark","Information","Spooler Operation Succeeded","Printing a document","System.Collections.ObjectModel.ReadOnlyCollection`1[System.String]","System.Collections.Generic.List`1[System.Diagnostics.Eventing.Reader.EventProperty]"
"Document 12, Print Document owned by dilciane.souza on PC0403 was printed on IMP-ADMINISTRACAO (L375) through port EP0BA1D5:L375 SERIES.  Size in bytes: 244405. Pages printed: 1. No user action is required.","307","0",,"4","26","11","4611686018427390016","55","Microsoft-Windows-PrintService","747ef6fd-e535-4d16-b510-42c90f6873a1","Microsoft-Windows-PrintService/Operational","2204","5996","PC0103.cabana.intra","S-1-5-21-1522681548-320186610-577835610-1131","01/08/2024 20:08:20",,,"Microsoft-Windows-PrintService/Operational","System.UInt32[]","System.Diagnostics.Eventing.Reader.EventBookmark","Information","Spooler Operation Succeeded","Printing a document","System.Collections.ObjectModel.ReadOnlyCollection`1[System.String]","System.Collections.Generic.List`1[System.Diagnostics.Eventing.Reader.EventProperty]"
"Document 11, Print Document owned by dilciane.souza on PC0403 was printed on IMP-ADMINISTRACAO (L375) through port EP0BA1D5:L375 SERIES.  Size in bytes: 246064. Pages printed: 1. No user action is required.","307","0",,"4","26","11","4611686018427390016","50","Microsoft-Windows-PrintService","747ef6fd-e535-4d16-b510-42c90f6873a1","Microsoft-Windows-PrintService/Operational","2204","5632","PC0103.cabana.intra","S-1-5-21-1522681548-320186610-577835610-1131","01/08/2024 20:06:28",,,"Microsoft-Windows-PrintService/Operational","System.UInt32[]","System.Diagnostics.Eventing.Reader.EventBookmark","Information","Spooler Operation Succeeded","Printing a document","System.Collections.ObjectModel.ReadOnlyCollection`1[System.String]","System.Collections.Generic.List`1[System.Diagnostics.Eventing.Reader.EventProperty]"
"Document 10, Print Document owned by dilciane.souza on PC0403 was printed on IMP-ADMINISTRACAO (L375) through port EP0BA1D5:L375 SERIES.  Size in bytes: 247519. Pages printed: 1. No user action is required.","307","0",,"4","26","11","4611686018427390016","45","Microsoft-Windows-PrintService","747ef6fd-e535-4d16-b510-42c90f6873a1","Microsoft-Windows-PrintService/Operational","2204","3984","PC0103.cabana.intra","S-1-5-21-1522681548-320186610-577835610-1131","01/08/2024 20:03:38",,,"Microsoft-Windows-PrintService/Operational","System.UInt32[]","System.Diagnostics.Eventing.Reader.EventBookmark","Information","Spooler Operation Succeeded","Printing a document","System.Collections.ObjectModel.ReadOnlyCollection`1[System.String]","System.Collections.Generic.List`1[System.Diagnostics.Eventing.Reader.EventProperty]"
"Document 9, Print Document owned by dilciane.souza on PC0403 was printed on IMP-ADMINISTRACAO (L375) through port EP0BA1D5:L375 SERIES.  Size in bytes: 246517. Pages printed: 1. No user action is required.","307","0",,"4","26","11","4611686018427390016","40","Microsoft-Windows-PrintService","747ef6fd-e535-4d16-b510-42c90f6873a1","Microsoft-Windows-PrintService/Operational","2204","5172","PC0103.cabana.intra","S-1-5-21-1522681548-320186610-577835610-1131","01/08/2024 20:01:08",,,"Microsoft-Windows-PrintService/Operational","System.UInt32[]","System.Diagnostics.Eventing.Reader.EventBookmark","Information","Spooler Operation Succeeded","Printing a document","System.Collections.ObjectModel.ReadOnlyCollection`1[System.String]","System.Collections.Generic.List`1[System.Diagnostics.Eventing.Reader.EventProperty]"
"Document 8, Print Document owned by dilciane.souza on PC0403 was printed on IMP-ADMINISTRACAO (L375) through port EP0BA1D5:L375 SERIES.  Size in bytes: 246926. Pages printed: 1. No user action is required.","307","0",,"4","26","11","4611686018427390016","35","Microsoft-Windows-PrintService","747ef6fd-e535-4d16-b510-42c90f6873a1","Microsoft-Windows-PrintService/Operational","2204","6112","PC0103.cabana.intra","S-1-5-21-1522681548-320186610-577835610-1131","01/08/2024 19:59:25",,,"Microsoft-Windows-PrintService/Operational","System.UInt32[]","System.Diagnostics.Eventing.Reader.EventBookmark","Information","Spooler Operation Succeeded","Printing a document","System.Collections.ObjectModel.ReadOnlyCollection`1[System.String]","System.Collections.Generic.List`1[System.Diagnostics.Eventing.Reader.EventProperty]"
"Document 7, Print Document owned by dilciane.souza on PC0403 was printed on IMP-ADMINISTRACAO (L375) through port EP0BA1D5:L375 SERIES.  Size in bytes: 245788. Pages printed: 1. No user action is required.","307","0",,"4","26","11","4611686018427390016","30","Microsoft-Windows-PrintService","747ef6fd-e535-4d16-b510-42c90f6873a1","Microsoft-Windows-PrintService/Operational","2204","4948","PC0103.cabana.intra","S-1-5-21-1522681548-320186610-577835610-1131","01/08/2024 19:57:46",,,"Microsoft-Windows-PrintService/Operational","System.UInt32[]","System.Diagnostics.Eventing.Reader.EventBookmark","Information","Spooler Operation Succeeded","Printing a document","System.Collections.ObjectModel.ReadOnlyCollection`1[System.String]","System.Collections.Generic.List`1[System.Diagnostics.Eventing.Reader.EventProperty]"
"Document 6, Print Document owned by dilciane.souza on PC0403 was printed on IMP-ADMINISTRACAO (L375) through port EP0BA1D5:L375 SERIES.  Size in bytes: 245788. Pages printed: 1. No user action is required.","307","0",,"4","26","11","4611686018427390016","25","Microsoft-Windows-PrintService","747ef6fd-e535-4d16-b510-42c90f6873a1","Microsoft-Windows-PrintService/Operational","2204","972","PC0103.cabana.intra","S-1-5-21-1522681548-320186610-577835610-1131","01/08/2024 19:57:19",,,"Microsoft-Windows-PrintService/Operational","System.UInt32[]","System.Diagnostics.Eventing.Reader.EventBookmark","Information","Spooler Operation Succeeded","Printing a document","System.Collections.ObjectModel.ReadOnlyCollection`1[System.String]","System.Collections.Generic.List`1[System.Diagnostics.Eventing.Reader.EventProperty]"
"Document 5, Print Document owned by dilciane.souza on PC0403 was printed on IMP-ADMINISTRACAO (L375) through port EP0BA1D5:L375 SERIES.  Size in bytes: 247274. Pages printed: 1. No user action is required.","307","0",,"4","26","11","4611686018427390016","20","Microsoft-Windows-PrintService","747ef6fd-e535-4d16-b510-42c90f6873a1","Microsoft-Windows-PrintService/Operational","2204","2172","PC0103.cabana.intra","S-1-5-21-1522681548-320186610-577835610-1131","01/08/2024 19:55:14",,,"Microsoft-Windows-PrintService/Operational","System.UInt32[]","System.Diagnostics.Eventing.Reader.EventBookmark","Information","Spooler Operation Succeeded","Printing a document","System.Collections.ObjectModel.ReadOnlyCollection`1[System.String]","System.Collections.Generic.List`1[System.Diagnostics.Eventing.Reader.EventProperty]"
"Document 4, Print Document owned by dilciane.souza on PC0403 was printed on IMP-ADMINISTRACAO (L375) through port EP0BA1D5:L375 SERIES.  Size in bytes: 193935. Pages printed: 1. No user action is required.","307","0",,"4","26","11","4611686018427390016","15","Microsoft-Windows-PrintService","747ef6fd-e535-4d16-b510-42c90f6873a1","Microsoft-Windows-PrintService/Operational","2204","1536","PC0103.cabana.intra","S-1-5-21-1522681548-320186610-577835610-1131","01/08/2024 19:52:07",,,"Microsoft-Windows-PrintService/Operational","System.UInt32[]","System.Diagnostics.Eventing.Reader.EventBookmark","Information","Spooler Operation Succeeded","Printing a document","System.Collections.ObjectModel.ReadOnlyCollection`1[System.String]","System.Collections.Generic.List`1[System.Diagnostics.Eventing.Reader.EventProperty]"
"Document 3, Print Document owned by alexandrina.bueno on PC0602 was printed on IMP-FINANCEIRO through port 192.168.0.206.  Size in bytes: 91696. Pages printed: 1. No user action is required.","307","0",,"4","26","11","4611686018427390016","10","Microsoft-Windows-PrintService","747ef6fd-e535-4d16-b510-42c90f6873a1","Microsoft-Windows-PrintService/Operational","2204","4460","PC0103.cabana.intra","S-1-5-21-1522681548-320186610-577835610-1118","01/08/2024 19:51:21",,,"Microsoft-Windows-PrintService/Operational","System.UInt32[]","System.Diagnostics.Eventing.Reader.EventBookmark","Information","Spooler Operation Succeeded","Printing a document","System.Collections.ObjectModel.ReadOnlyCollection`1[System.String]","System.Collections.Generic.List`1[System.Diagnostics.Eventing.Reader.EventProperty]"
"Document 2, Print Document owned by Administrator on \\PC0103 was printed on IMP-ADMINISTRACAO through port 192.168.0.252.  Size in bytes: 6295200. Pages printed: 1. No user action is required.","307","0",,"4","26","11","4611686018427390016","5","Microsoft-Windows-PrintService","747ef6fd-e535-4d16-b510-42c90f6873a1","Microsoft-Windows-PrintService/Operational","2204","5220","PC0103.cabana.intra","S-1-5-21-1522681548-320186610-577835610-500","01/08/2024 19:38:31",,,"Microsoft-Windows-PrintService/Operational","System.UInt32[]","System.Diagnostics.Eventing.Reader.EventBookmark","Information","Spooler Operation Succeeded","Printing a document","System.Collections.ObjectModel.ReadOnlyCollection`1[System.String]","System.Collections.Generic.List`1[System.Diagnostics.Eventing.Reader.EventProperty]"
